c:\users\david\onedrive\documentos\github\gamedog\laabuelacontraatacafinal\tmp\debug\vc142.pdb
c:\users\david\onedrive\documentos\github\gamedog\laabuelacontraatacafinal\tmp\debug\vc142.idb
c:\users\david\onedrive\documentos\github\gamedog\laabuelacontraatacafinal\tmp\debug\listadisparosgel.obj
c:\users\david\onedrive\documentos\github\gamedog\laabuelacontraatacafinal\tmp\debug\listabonus.obj
c:\users\david\onedrive\documentos\github\gamedog\laabuelacontraatacafinal\tmp\debug\listabloques.obj
c:\users\david\onedrive\documentos\github\gamedog\laabuelacontraatacafinal\tmp\debug\jugador.obj
c:\users\david\onedrive\documentos\github\gamedog\laabuelacontraatacafinal\tmp\debug\juego.obj
c:\users\david\onedrive\documentos\github\gamedog\laabuelacontraatacafinal\tmp\debug\janssen.obj
c:\users\david\onedrive\documentos\github\gamedog\laabuelacontraatacafinal\tmp\debug\interaccion.obj
c:\users\david\onedrive\documentos\github\gamedog\laabuelacontraatacafinal\tmp\debug\factoria.obj
c:\users\david\onedrive\documentos\github\gamedog\laabuelacontraatacafinal\tmp\debug\escenario.obj
c:\users\david\onedrive\documentos\github\gamedog\laabuelacontraatacafinal\tmp\debug\escalera.obj
c:\users\david\onedrive\documentos\github\gamedog\laabuelacontraatacafinal\tmp\debug\enemigo.obj
c:\users\david\onedrive\documentos\github\gamedog\laabuelacontraatacafinal\tmp\debug\disparogel.obj
c:\users\david\onedrive\documentos\github\gamedog\laabuelacontraatacafinal\tmp\debug\coordinador.obj
c:\users\david\onedrive\documentos\github\gamedog\laabuelacontraatacafinal\tmp\debug\cepaindia.obj
c:\users\david\onedrive\documentos\github\gamedog\laabuelacontraatacafinal\tmp\debug\cepachina.obj
c:\users\david\onedrive\documentos\github\gamedog\laabuelacontraatacafinal\tmp\debug\cepabritanica.obj
c:\users\david\onedrive\documentos\github\gamedog\laabuelacontraatacafinal\tmp\debug\cepabrasile単a.obj
c:\users\david\onedrive\documentos\github\gamedog\laabuelacontraatacafinal\tmp\debug\bonus.obj
c:\users\david\onedrive\documentos\github\gamedog\laabuelacontraatacafinal\tmp\debug\bloquesorpresa.obj
c:\users\david\onedrive\documentos\github\gamedog\laabuelacontraatacafinal\tmp\debug\astrazeneca.obj
c:\users\david\onedrive\documentos\github\gamedog\laabuelacontraatacafinal\tmp\debug\vector2d.obj
c:\users\david\onedrive\documentos\github\gamedog\laabuelacontraatacafinal\tmp\debug\quirurgica.obj
c:\users\david\onedrive\documentos\github\gamedog\laabuelacontraatacafinal\tmp\debug\plataforma.obj
c:\users\david\onedrive\documentos\github\gamedog\laabuelacontraatacafinal\tmp\debug\pfizer.obj
c:\users\david\onedrive\documentos\github\gamedog\laabuelacontraatacafinal\tmp\debug\objetomovil.obj
c:\users\david\onedrive\documentos\github\gamedog\laabuelacontraatacafinal\tmp\debug\murcielagopeque単o.obj
c:\users\david\onedrive\documentos\github\gamedog\laabuelacontraatacafinal\tmp\debug\murcielagoboss.obj
c:\users\david\onedrive\documentos\github\gamedog\laabuelacontraatacafinal\tmp\debug\mascarillatocha.obj
c:\users\david\onedrive\documentos\github\gamedog\laabuelacontraatacafinal\tmp\debug\llave.obj
c:\users\david\onedrive\documentos\github\gamedog\laabuelacontraatacafinal\tmp\debug\listaplataformas.obj
c:\users\david\onedrive\documentos\github\gamedog\laabuelacontraatacafinal\tmp\debug\listallaves.obj
c:\users\david\onedrive\documentos\github\gamedog\laabuelacontraatacafinal\tmp\debug\listaescaleras.obj
c:\users\david\onedrive\documentos\github\gamedog\laabuelacontraatacafinal\tmp\debug\listaenemigos.obj
c:\users\david\onedrive\documentos\github\gamedog\laabuelacontraatacafinal\tmp\debug\laabuelacontraataca.obj
c:\users\david\onedrive\documentos\github\gamedog\laabuelacontraatacafinal\bin\laabuelacontraatacafinal.exe
c:\users\david\onedrive\documentos\github\gamedog\laabuelacontraatacafinal\bin\laabuelacontraatacafinal.ilk
c:\users\david\onedrive\documentos\github\gamedog\laabuelacontraatacafinal\bin\laabuelacontraatacafinal.pdb
c:\users\david\onedrive\documentos\github\gamedog\laabuelacontraatacafinal\tmp\debug\sputnik.obj
c:\users\david\onedrive\documentos\github\gamedog\laabuelacontraatacafinal\tmp\debug\cepabrasile単a.obj.enc
c:\users\david\onedrive\documentos\github\gamedog\laabuelacontraatacafinal\tmp\debug\cepabritanica.obj.enc
c:\users\david\onedrive\documentos\github\gamedog\laabuelacontraatacafinal\tmp\debug\cepaindia.obj.enc
c:\users\david\onedrive\documentos\github\gamedog\laabuelacontraatacafinal\tmp\debug\coordinador.obj.enc
c:\users\david\onedrive\documentos\github\gamedog\laabuelacontraatacafinal\tmp\debug\enemigo.obj.enc
c:\users\david\onedrive\documentos\github\gamedog\laabuelacontraatacafinal\tmp\debug\factoria.obj.enc
c:\users\david\onedrive\documentos\github\gamedog\laabuelacontraatacafinal\tmp\debug\interaccion.obj.enc
c:\users\david\onedrive\documentos\github\gamedog\laabuelacontraatacafinal\tmp\debug\juego.obj.enc
c:\users\david\onedrive\documentos\github\gamedog\laabuelacontraatacafinal\tmp\debug\jugador.obj.enc
c:\users\david\onedrive\documentos\github\gamedog\laabuelacontraatacafinal\tmp\debug\laabuelacontraataca.obj.enc
c:\users\david\onedrive\documentos\github\gamedog\laabuelacontraatacafinal\tmp\debug\listabloques.obj.enc
c:\users\david\onedrive\documentos\github\gamedog\laabuelacontraatacafinal\tmp\debug\listadisparosgel.obj.enc
c:\users\david\onedrive\documentos\github\gamedog\laabuelacontraatacafinal\tmp\debug\listaenemigos.obj.enc
c:\users\david\onedrive\documentos\github\gamedog\laabuelacontraatacafinal\tmp\debug\listaescaleras.obj.enc
c:\users\david\onedrive\documentos\github\gamedog\laabuelacontraatacafinal\tmp\debug\listaplataformas.obj.enc
c:\users\david\onedrive\documentos\github\gamedog\laabuelacontraatacafinal\tmp\debug\murcielagoboss.obj.enc
c:\users\david\onedrive\documentos\github\gamedog\laabuelacontraatacafinal\tmp\debug\murcielagopeque単o.obj.enc
c:\users\david\onedrive\documentos\github\gamedog\laabuelacontraatacafinal\tmp\debug\laabuela.53939eb2.tlog\cl.command.1.tlog
c:\users\david\onedrive\documentos\github\gamedog\laabuelacontraatacafinal\tmp\debug\laabuela.53939eb2.tlog\cl.read.1.tlog
c:\users\david\onedrive\documentos\github\gamedog\laabuelacontraatacafinal\tmp\debug\laabuela.53939eb2.tlog\cl.write.1.tlog
c:\users\david\onedrive\documentos\github\gamedog\laabuelacontraatacafinal\tmp\debug\laabuela.53939eb2.tlog\link.command.1.tlog
c:\users\david\onedrive\documentos\github\gamedog\laabuelacontraatacafinal\tmp\debug\laabuela.53939eb2.tlog\link.read.1.tlog
c:\users\david\onedrive\documentos\github\gamedog\laabuelacontraatacafinal\tmp\debug\laabuela.53939eb2.tlog\link.write.1.tlog
