  Astrazeneca.cpp
C:\Users\dsanc\OneDrive\Documentos\GitHub\Gamedog\LaAbuelaContraatacaFINAL\src\Astrazeneca.cpp(21,22): warning C4305: '=': truncamiento de 'double' a 'float'
  Coordinador.cpp
C:\Users\dsanc\OneDrive\Documentos\GitHub\Gamedog\LaAbuelaContraatacaFINAL\src\Jugador.h(22,23): warning C4305: 'inicializando': truncamiento de 'double' a 'float'
C:\Users\dsanc\OneDrive\Documentos\GitHub\Gamedog\LaAbuelaContraatacaFINAL\src\Coordinador.cpp(296,82): warning C4244: 'argumento': conversión de 'float' a 'int'; posible pérdida de datos
C:\Users\dsanc\OneDrive\Documentos\GitHub\Gamedog\LaAbuelaContraatacaFINAL\src\Coordinador.cpp(356,79): warning C4244: 'argumento': conversión de 'float' a 'int'; posible pérdida de datos
C:\Users\dsanc\OneDrive\Documentos\GitHub\Gamedog\LaAbuelaContraatacaFINAL\src\Coordinador.cpp(357,50): warning C4244: 'argumento': conversión de 'float' a 'int'; posible pérdida de datos
C:\Users\dsanc\OneDrive\Documentos\GitHub\Gamedog\LaAbuelaContraatacaFINAL\src\Coordinador.cpp(396,111): warning C4244: 'argumento': conversión de 'double' a 'int'; posible pérdida de datos
C:\Users\dsanc\OneDrive\Documentos\GitHub\Gamedog\LaAbuelaContraatacaFINAL\src\Coordinador.cpp(396,105): warning C4244: 'argumento': conversión de 'double' a 'int'; posible pérdida de datos
C:\Users\dsanc\OneDrive\Documentos\GitHub\Gamedog\LaAbuelaContraatacaFINAL\src\Coordinador.cpp(397,128): warning C4244: 'argumento': conversión de 'double' a 'int'; posible pérdida de datos
C:\Users\dsanc\OneDrive\Documentos\GitHub\Gamedog\LaAbuelaContraatacaFINAL\src\Coordinador.cpp(397,122): warning C4244: 'argumento': conversión de 'double' a 'int'; posible pérdida de datos
C:\Users\dsanc\OneDrive\Documentos\GitHub\Gamedog\LaAbuelaContraatacaFINAL\src\Coordinador.cpp(398,80): warning C4244: 'argumento': conversión de 'double' a 'int'; posible pérdida de datos
C:\Users\dsanc\OneDrive\Documentos\GitHub\Gamedog\LaAbuelaContraatacaFINAL\src\Coordinador.cpp(434,132): warning C4244: 'argumento': conversión de 'double' a 'int'; posible pérdida de datos
C:\Users\dsanc\OneDrive\Documentos\GitHub\Gamedog\LaAbuelaContraatacaFINAL\src\Coordinador.cpp(434,126): warning C4244: 'argumento': conversión de 'double' a 'int'; posible pérdida de datos
C:\Users\dsanc\OneDrive\Documentos\GitHub\Gamedog\LaAbuelaContraatacaFINAL\src\Coordinador.cpp(435,137): warning C4244: 'argumento': conversión de 'double' a 'int'; posible pérdida de datos
C:\Users\dsanc\OneDrive\Documentos\GitHub\Gamedog\LaAbuelaContraatacaFINAL\src\Coordinador.cpp(435,131): warning C4244: 'argumento': conversión de 'double' a 'int'; posible pérdida de datos
C:\Users\dsanc\OneDrive\Documentos\GitHub\Gamedog\LaAbuelaContraatacaFINAL\src\Coordinador.cpp(470,127): warning C4244: 'argumento': conversión de 'double' a 'int'; posible pérdida de datos
C:\Users\dsanc\OneDrive\Documentos\GitHub\Gamedog\LaAbuelaContraatacaFINAL\src\Coordinador.cpp(470,121): warning C4244: 'argumento': conversión de 'double' a 'int'; posible pérdida de datos
C:\Users\dsanc\OneDrive\Documentos\GitHub\Gamedog\LaAbuelaContraatacaFINAL\src\Coordinador.cpp(471,113): warning C4244: 'argumento': conversión de 'double' a 'int'; posible pérdida de datos
C:\Users\dsanc\OneDrive\Documentos\GitHub\Gamedog\LaAbuelaContraatacaFINAL\src\Coordinador.cpp(471,107): warning C4244: 'argumento': conversión de 'double' a 'int'; posible pérdida de datos
C:\Users\dsanc\OneDrive\Documentos\GitHub\Gamedog\LaAbuelaContraatacaFINAL\src\Coordinador.cpp(472,86): warning C4244: 'argumento': conversión de 'double' a 'int'; posible pérdida de datos
C:\Users\dsanc\OneDrive\Documentos\GitHub\Gamedog\LaAbuelaContraatacaFINAL\src\Coordinador.cpp(472,80): warning C4244: 'argumento': conversión de 'double' a 'int'; posible pérdida de datos
C:\Users\dsanc\OneDrive\Documentos\GitHub\Gamedog\LaAbuelaContraatacaFINAL\src\Coordinador.cpp(473,66): warning C4244: 'argumento': conversión de 'double' a 'int'; posible pérdida de datos
C:\Users\dsanc\OneDrive\Documentos\GitHub\Gamedog\LaAbuelaContraatacaFINAL\src\Coordinador.cpp(473,60): warning C4244: 'argumento': conversión de 'double' a 'int'; posible pérdida de datos
  Factoria.cpp
C:\Users\dsanc\OneDrive\Documentos\GitHub\Gamedog\LaAbuelaContraatacaFINAL\src\Jugador.h(22,23): warning C4305: 'inicializando': truncamiento de 'double' a 'float'
  ListaBloques.cpp
C:\Users\dsanc\OneDrive\Documentos\GitHub\Gamedog\LaAbuelaContraatacaFINAL\src\Jugador.h(22,23): warning C4305: 'inicializando': truncamiento de 'double' a 'float'
  ListaEscaleras.cpp
C:\Users\dsanc\OneDrive\Documentos\GitHub\Gamedog\LaAbuelaContraatacaFINAL\src\Jugador.h(22,23): warning C4305: 'inicializando': truncamiento de 'double' a 'float'
  ListaLlaves.cpp
C:\Users\dsanc\OneDrive\Documentos\GitHub\Gamedog\LaAbuelaContraatacaFINAL\src\Jugador.h(22,23): warning C4305: 'inicializando': truncamiento de 'double' a 'float'
  ListaPlataformas.cpp
C:\Users\dsanc\OneDrive\Documentos\GitHub\Gamedog\LaAbuelaContraatacaFINAL\src\Jugador.h(22,23): warning C4305: 'inicializando': truncamiento de 'double' a 'float'
  Interaccion.cpp
C:\Users\dsanc\OneDrive\Documentos\GitHub\Gamedog\LaAbuelaContraatacaFINAL\src\Jugador.h(22,23): warning C4305: 'inicializando': truncamiento de 'double' a 'float'
C:\Users\dsanc\OneDrive\Documentos\GitHub\Gamedog\LaAbuelaContraatacaFINAL\src\Interaccion.cpp(369,19): warning C4244: 'argumento': conversión de 'time_t' a 'unsigned int'; posible pérdida de datos
  Juego.cpp
C:\Users\dsanc\OneDrive\Documentos\GitHub\Gamedog\LaAbuelaContraatacaFINAL\src\Jugador.h(22,23): warning C4305: 'inicializando': truncamiento de 'double' a 'float'
  LaAbuelaContraataca.cpp
C:\Users\dsanc\OneDrive\Documentos\GitHub\Gamedog\LaAbuelaContraatacaFINAL\src\Jugador.h(22,23): warning C4305: 'inicializando': truncamiento de 'double' a 'float'
  ListaBonus.cpp
C:\Users\dsanc\OneDrive\Documentos\GitHub\Gamedog\LaAbuelaContraatacaFINAL\src\Jugador.h(22,23): warning C4305: 'inicializando': truncamiento de 'double' a 'float'
  ListaDisparosGel.cpp
C:\Users\dsanc\OneDrive\Documentos\GitHub\Gamedog\LaAbuelaContraatacaFINAL\src\Jugador.h(22,23): warning C4305: 'inicializando': truncamiento de 'double' a 'float'
  ListaEnemigos.cpp
C:\Users\dsanc\OneDrive\Documentos\GitHub\Gamedog\LaAbuelaContraatacaFINAL\src\Jugador.h(22,23): warning C4305: 'inicializando': truncamiento de 'double' a 'float'
  Quirurgica.cpp
C:\Users\dsanc\OneDrive\Documentos\GitHub\Gamedog\LaAbuelaContraatacaFINAL\src\Quirurgica.cpp(19,22): warning C4305: '=': truncamiento de 'double' a 'float'
  Generando código...
  LaAbuelaContraatacaFINAL.vcxproj -> C:\Users\dsanc\OneDrive\Documentos\GitHub\Gamedog\LaAbuelaContraatacaFINAL\bin\LaAbuelaContraatacaFINAL.exe
